#
# There is insufficient memory for the Java Runtime Environment to continue.
# Native memory allocation (malloc) failed to allocate 239536 bytes for Chunk::new
# Possible reasons:
#   The system is out of physical RAM or swap space
#   In 32 bit mode, the process size limit was hit
# Possible solutions:
#   Reduce memory load on the system
#   Increase physical memory or swap space
#   Check if swap backing store is full
#   Use 64 bit Java on a 64 bit OS
#   Decrease Java heap size (-Xmx/-Xms)
#   Decrease number of Java threads
#   Decrease Java thread stack sizes (-Xss)
#   Set larger code cache with -XX:ReservedCodeCacheSize=
# This output file may be truncated or incomplete.
#
#  Out of Memory Error (allocation.cpp:390), pid=8004, tid=0x0000000000001fe8
#
# JRE version: Java(TM) SE Runtime Environment (8.0_144-b01) (build 1.8.0_144-b01)
# Java VM: Java HotSpot(TM) 64-Bit Server VM (25.144-b01 mixed mode windows-amd64 compressed oops)
# Failed to write core dump. Minidumps are not enabled by default on client versions of Windows
#

---------------  T H R E A D  ---------------

Current thread (0x0000000015c00000):  JavaThread "C2 CompilerThread0" daemon [_thread_in_native, id=8168, stack(0x0000000017240000,0x0000000017340000)]

Stack: [0x0000000017240000,0x0000000017340000]
[error occurred during error reporting (printing stack bounds), id 0xc0000005]

Native frames: (J=compiled Java code, j=interpreted, Vv=VM code, C=native code)


Current CompileTask:
C2:  92206 7804   !   4       java.io.BufferedReader::readLine (304 bytes)


---------------  P R O C E S S  ---------------

Java Threads: ( => current thread )
  0x000000001d0bb800 JavaThread "stdout" daemon [_thread_blocked, id=8656, stack(0x00000000259b0000,0x0000000025ab0000)]
  0x000000001cd02000 JavaThread "stderr" daemon [_thread_blocked, id=8652, stack(0x00000000258b0000,0x00000000259b0000)]
  0x000000001cd01000 JavaThread "stdout" daemon [_thread_blocked, id=8620, stack(0x00000000257b0000,0x00000000258b0000)]
  0x000000001cd00800 JavaThread "stderr" daemon [_thread_blocked, id=8616, stack(0x00000000256b0000,0x00000000257b0000)]
  0x000000001ccff000 JavaThread "stdout" daemon [_thread_blocked, id=8580, stack(0x00000000255b0000,0x00000000256b0000)]
  0x000000001ccff800 JavaThread "stderr" daemon [_thread_blocked, id=8576, stack(0x00000000254b0000,0x00000000255b0000)]
  0x000000001ccfe000 JavaThread "pool-4-thread-1" [_thread_blocked, id=8548, stack(0x00000000253b0000,0x00000000254b0000)]
  0x000000001ccf7800 JavaThread "stdout" daemon [_thread_in_native, id=8488, stack(0x00000000250b0000,0x00000000251b0000)]
  0x000000001ccfd800 JavaThread "stderr" daemon [_thread_in_native, id=8484, stack(0x0000000024fb0000,0x00000000250b0000)]
  0x000000001ccfc800 JavaThread "stdout" daemon [_thread_blocked, id=8464, stack(0x0000000024eb0000,0x0000000024fb0000)]
  0x000000001ccf5000 JavaThread "stderr" daemon [_thread_in_native, id=8460, stack(0x0000000024db0000,0x0000000024eb0000)]
  0x000000001ccfc000 JavaThread "stdout" daemon [_thread_blocked, id=8424, stack(0x0000000024cb0000,0x0000000024db0000)]
  0x000000001ccf4800 JavaThread "stderr" daemon [_thread_in_native, id=8420, stack(0x0000000024bb0000,0x0000000024cb0000)]
  0x000000001ccfb000 JavaThread "stdout" daemon [_thread_blocked, id=8364, stack(0x0000000024ab0000,0x0000000024bb0000)]
  0x000000001ccfa800 JavaThread "stderr" daemon [_thread_in_native, id=8360, stack(0x00000000249b0000,0x0000000024ab0000)]
  0x000000001ccf9800 JavaThread "stdout" daemon [_thread_blocked, id=8248, stack(0x00000000247b0000,0x00000000248b0000)]
  0x000000001ccf9000 JavaThread "stderr" daemon [_thread_in_native, id=8244, stack(0x00000000246b0000,0x00000000247b0000)]
  0x000000001ccf6000 JavaThread "stdout" daemon [_thread_blocked, id=8196, stack(0x00000000245b0000,0x00000000246b0000)]
  0x000000001ccf6800 JavaThread "stderr" daemon [_thread_in_native, id=7680, stack(0x00000000244b0000,0x00000000245b0000)]
  0x000000001ccf8000 JavaThread "stdout" daemon [_thread_in_native, id=7908, stack(0x00000000243b0000,0x00000000244b0000)]
  0x000000001b50b800 JavaThread "stderr" daemon [_thread_in_native, id=5140, stack(0x00000000242b0000,0x00000000243b0000)]
  0x000000001b504000 JavaThread "stdout" daemon [_thread_blocked, id=1884, stack(0x00000000241b0000,0x00000000242b0000)]
  0x000000001b507000 JavaThread "stderr" daemon [_thread_in_native, id=7916, stack(0x00000000240b0000,0x00000000241b0000)]
  0x000000001b50a800 JavaThread "stdout" daemon [_thread_blocked, id=7944, stack(0x0000000023fb0000,0x00000000240b0000)]
  0x000000001b50a000 JavaThread "stderr" daemon [_thread_in_native, id=7932, stack(0x0000000023eb0000,0x0000000023fb0000)]
  0x000000001b509000 JavaThread "stdout" daemon [_thread_blocked, id=196, stack(0x0000000023db0000,0x0000000023eb0000)]
  0x000000001b506000 JavaThread "stderr" daemon [_thread_in_native, id=7828, stack(0x0000000023cb0000,0x0000000023db0000)]
  0x000000001b508800 JavaThread "stdout" daemon [_thread_blocked, id=3380, stack(0x0000000023bb0000,0x0000000023cb0000)]
  0x000000001b505800 JavaThread "stderr" daemon [_thread_in_native, id=5900, stack(0x0000000023ab0000,0x0000000023bb0000)]
  0x000000001b507800 JavaThread "stdout" daemon [_thread_blocked, id=976, stack(0x00000000239b0000,0x0000000023ab0000)]
  0x000000001b504800 JavaThread "stderr" daemon [_thread_in_native, id=7360, stack(0x00000000238b0000,0x00000000239b0000)]
  0x000000001b4fd000 JavaThread "stdout" daemon [_thread_in_vm_trans, id=7372, stack(0x00000000237b0000,0x00000000238b0000)]
  0x000000001b501000 JavaThread "stderr" daemon [_thread_blocked, id=7320, stack(0x00000000236b0000,0x00000000237b0000)]
  0x000000001b503000 JavaThread "stdout" daemon [_thread_blocked, id=8128, stack(0x00000000235b0000,0x00000000236b0000)]
  0x000000001b4ff800 JavaThread "stderr" daemon [_thread_in_native, id=8132, stack(0x00000000234b0000,0x00000000235b0000)]
  0x000000001b4fc800 JavaThread "stdout" daemon [_thread_blocked, id=8120, stack(0x00000000233b0000,0x00000000234b0000)]
  0x000000001b502800 JavaThread "stderr" daemon [_thread_in_native, id=8124, stack(0x00000000232b0000,0x00000000233b0000)]
  0x000000001b501800 JavaThread "png-cruncher_20" daemon [_thread_blocked, id=7648, stack(0x00000000231b0000,0x00000000232b0000)]
  0x000000001b4fe800 JavaThread "png-cruncher_19" daemon [_thread_blocked, id=7644, stack(0x00000000230b0000,0x00000000231b0000)]
  0x000000001b500000 JavaThread "png-cruncher_18" daemon [_thread_blocked, id=7936, stack(0x0000000022fb0000,0x00000000230b0000)]
  0x000000001b4fe000 JavaThread "png-cruncher_17" daemon [_thread_blocked, id=7792, stack(0x0000000022eb0000,0x0000000022fb0000)]
  0x000000001cf44000 JavaThread "png-cruncher_16" daemon [_thread_blocked, id=7764, stack(0x0000000022db0000,0x0000000022eb0000)]
  0x000000001cf43000 JavaThread "png-cruncher_15" daemon [_thread_blocked, id=8040, stack(0x0000000022cb0000,0x0000000022db0000)]
  0x000000001cf41000 JavaThread "png-cruncher_14" daemon [_thread_blocked, id=7776, stack(0x0000000022bb0000,0x0000000022cb0000)]
  0x000000001cf40000 JavaThread "png-cruncher_13" daemon [_thread_blocked, id=7400, stack(0x0000000022ab0000,0x0000000022bb0000)]
  0x000000001cf42800 JavaThread "png-cruncher_12" daemon [_thread_blocked, id=3384, stack(0x00000000229b0000,0x0000000022ab0000)]
  0x000000001cf41800 JavaThread "png-cruncher_11" daemon [_thread_blocked, id=7888, stack(0x00000000228b0000,0x00000000229b0000)]
  0x000000001cf45800 JavaThread "png-cruncher_10" daemon [_thread_blocked, id=8052, stack(0x00000000227b0000,0x00000000228b0000)]
  0x000000001cf44800 JavaThread "png-cruncher_9" daemon [_thread_blocked, id=8048, stack(0x00000000226b0000,0x00000000227b0000)]
  0x000000001cf3f800 JavaThread "png-cruncher_8" daemon [_thread_blocked, id=7552, stack(0x00000000225b0000,0x00000000226b0000)]
  0x000000001cf38000 JavaThread "png-cruncher_7" daemon [_thread_blocked, id=7872, stack(0x00000000224b0000,0x00000000225b0000)]
  0x000000001cf3c800 JavaThread "png-cruncher_6" daemon [_thread_blocked, id=7868, stack(0x00000000223b0000,0x00000000224b0000)]
  0x000000001cf3a000 JavaThread "png-cruncher_5" daemon [_thread_blocked, id=7616, stack(0x00000000222b0000,0x00000000223b0000)]
  0x000000001cf3d000 JavaThread "png-cruncher_4" daemon [_thread_blocked, id=7192, stack(0x00000000221b0000,0x00000000222b0000)]
  0x000000001cf38800 JavaThread "png-cruncher_3" daemon [_thread_blocked, id=6092, stack(0x00000000220b0000,0x00000000221b0000)]
  0x000000001cf3e800 JavaThread "png-cruncher_2" daemon [_thread_blocked, id=7876, stack(0x0000000021fb0000,0x00000000220b0000)]
  0x000000001cf3b800 JavaThread "png-cruncher_1" daemon [_thread_blocked, id=7904, stack(0x0000000021eb0000,0x0000000021fb0000)]
  0x000000001cf37000 JavaThread "pool-3-thread-4" [_thread_blocked, id=644, stack(0x0000000021ab0000,0x0000000021bb0000)]
  0x000000001cf3e000 JavaThread "pool-3-thread-3" [_thread_blocked, id=7880, stack(0x00000000207a0000,0x00000000208a0000)]
  0x000000001cf39800 JavaThread "pool-3-thread-2" [_thread_blocked, id=7664, stack(0x00000000206a0000,0x00000000207a0000)]
  0x000000001cf3b000 JavaThread "pool-3-thread-1" [_thread_blocked, id=7768, stack(0x00000000205a0000,0x00000000206a0000)]
  0x0000000017932800 JavaThread "File lock request listener" [_thread_in_native, id=7716, stack(0x000000001c900000,0x000000001ca00000)]
  0x0000000017cd5800 JavaThread "Stdin handler" [_thread_blocked, id=7612, stack(0x000000001a260000,0x000000001a360000)]
  0x0000000017cce800 JavaThread "Asynchronous log dispatcher for org.gradle.launcher.daemon.server.DefaultDaemonConnection@7da72c9d" [_thread_blocked, id=7608, stack(0x000000001a160000,0x000000001a260000)]
  0x0000000017cb9800 JavaThread "Daemon worker" [_thread_blocked, id=7592, stack(0x0000000019e60000,0x0000000019f60000)]
  0x0000000017cb3800 JavaThread "Cancel handler" [_thread_blocked, id=7588, stack(0x0000000019d60000,0x0000000019e60000)]
  0x00000000185e6000 JavaThread "Handler for socket connection from /127.0.0.1:49830 to /127.0.0.1:49831" [_thread_in_native, id=7584, stack(0x0000000019c60000,0x0000000019d60000)]
  0x00000000185e3800 JavaThread "Daemon" [_thread_blocked, id=7572, stack(0x0000000019b60000,0x0000000019c60000)]
  0x0000000017ed4000 JavaThread "Incoming local TCP Connector on port 49830" [_thread_in_native, id=7524, stack(0x0000000019780000,0x0000000019880000)]
  0x0000000017602000 JavaThread "pool-1-thread-1" [_thread_blocked, id=7496, stack(0x0000000018340000,0x0000000018440000)]
  0x0000000017568800 JavaThread "Service Thread" daemon [_thread_blocked, id=8184, stack(0x0000000017940000,0x0000000017a40000)]
  0x0000000015c05000 JavaThread "C1 CompilerThread2" daemon [_thread_blocked, id=8176, stack(0x0000000017440000,0x0000000017540000)]
  0x0000000015c02000 JavaThread "C2 CompilerThread1" daemon [_thread_blocked, id=8172, stack(0x0000000017340000,0x0000000017440000)]
=>0x0000000015c00000 JavaThread "C2 CompilerThread0" daemon [_thread_in_native, id=8168, stack(0x0000000017240000,0x0000000017340000)]
  0x0000000015bfd800 JavaThread "Attach Listener" daemon [_thread_blocked, id=8164, stack(0x0000000017140000,0x0000000017240000)]
  0x0000000015bfa000 JavaThread "Signal Dispatcher" daemon [_thread_blocked, id=8160, stack(0x0000000017040000,0x0000000017140000)]
  0x0000000015be8800 JavaThread "Finalizer" daemon [_thread_blocked, id=8152, stack(0x0000000016e50000,0x0000000016f50000)]
  0x0000000002261000 JavaThread "Reference Handler" daemon [_thread_blocked, id=8144, stack(0x0000000016d50000,0x0000000016e50000)]
  0x0000000002170800 JavaThread "main" [_thread_blocked, id=8076, stack(0x0000000000930000,0x0000000000a30000)]

Other Threads:
  0x0000000015bc7800 VMThread [stack: 0x0000000016c50000,0x0000000016d50000] [id=8136]
  0x000000001756a800 WatcherThread [stack: 0x0000000017a40000,0x0000000017b40000] [id=7200]

VM state:synchronizing (normal execution)

VM Mutex/Monitor currently owned by a thread:  ([mutex/lock_event])
[0x0000000000a3c890] Safepoint_lock - owner thread: 0x0000000015bc7800
[0x0000000000a3ca90] Threads_lock - owner thread: 0x0000000015bc7800

Heap:
 PSYoungGen      total 106496K, used 14736K [0x00000000e0000000, 0x00000000e7180000, 0x0000000100000000)
  eden space 96768K, 5% used [0x00000000e0000000,0x00000000e04e7008,0x00000000e5e80000)
  from space 9728K, 99% used [0x00000000e5e80000,0x00000000e67fd360,0x00000000e6800000)
  to   space 7680K, 0% used [0x00000000e6a00000,0x00000000e6a00000,0x00000000e7180000)
 ParOldGen       total 48128K, used 40313K [0x00000000a0000000, 0x00000000a2f00000, 0x00000000e0000000)
  object space 48128K, 83% used [0x00000000a0000000,0x00000000a275e568,0x00000000a2f00000)
 Metaspace       used 51391K, capacity 52662K, committed 52992K, reserved 1095680K
  class space    used 6942K, capacity 7298K, committed 7424K, reserved 1048576K

Card table byte_map: [0x0000000011630000,0x0000000011940000] byte_map_base: 0x0000000011130000

Marking Bits: (ParMarkBitMap*) 0x000000006c0ed850
 Begin Bits: [0x0000000011f40000, 0x0000000013740000)
 End Bits:   [0x0000000013740000, 0x0000000014f40000)

Polling page: 0x00000000001f0000

CodeCache: size=245760Kb used=23313Kb max_used=23468Kb free=222446Kb
 bounds [0x0000000002270000, 0x0000000003980000, 0x0000000011270000]
 total_blobs=7508 nmethods=6796 adapters=623
 compilation: enabled

Compilation events (10 events):
Event: 91.688 Thread 0x0000000015c05000 7815       3       com.google.common.base.MoreObjects::toStringHelper (16 bytes)
Event: 91.688 Thread 0x0000000015c05000 nmethod 7815 0x00000000026cb050 code [0x00000000026cb1e0, 0x00000000026cb4d8]
Event: 91.689 Thread 0x0000000015c05000 7816       3       com.google.common.base.MoreObjects::simpleName (41 bytes)
Event: 91.689 Thread 0x0000000015c05000 nmethod 7816 0x00000000035bd3d0 code [0x00000000035bd5c0, 0x00000000035be028]
Event: 91.689 Thread 0x0000000015c05000 7817       3       com.google.common.base.MoreObjects$ToStringHelper::<init> (6 bytes)
Event: 91.690 Thread 0x0000000015c05000 nmethod 7817 0x0000000002c892d0 code [0x0000000002c89440, 0x0000000002c895c8]
Event: 91.690 Thread 0x0000000015c05000 7818       1       com.android.builder.png.QueuedCruncher::access$200 (5 bytes)
Event: 91.690 Thread 0x0000000015c05000 nmethod 7818 0x00000000033c9290 code [0x00000000033c93e0, 0x00000000033c94d0]
Event: 91.690 Thread 0x0000000015c05000 7819       3       java.lang.Integer::formatUnsignedInt (48 bytes)
Event: 91.690 Thread 0x0000000015c05000 nmethod 7819 0x00000000028e2050 code [0x00000000028e21c0, 0x00000000028e2430]

GC Heap History (10 events):
Event: 42.105 GC heap before
{Heap before GC invocations=18 (full 2):
 PSYoungGen      total 59392K, used 53248K [0x00000000e0000000, 0x00000000e5680000, 0x0000000100000000)
  eden space 53248K, 100% used [0x00000000e0000000,0x00000000e3400000,0x00000000e3400000)
  from space 6144K, 0% used [0x00000000e3400000,0x00000000e3400000,0x00000000e3a00000)
  to   space 6656K, 0% used [0x00000000e5000000,0x00000000e5000000,0x00000000e5680000)
 ParOldGen       total 48128K, used 17330K [0x00000000a0000000, 0x00000000a2f00000, 0x00000000e0000000)
  object space 48128K, 36% used [0x00000000a0000000,0x00000000a10ecbf0,0x00000000a2f00000)
 Metaspace       used 40970K, capacity 41708K, committed 41984K, reserved 1085440K
  class space    used 5597K, capacity 5853K, committed 5888K, reserved 1048576K
Event: 42.117 GC heap after
Heap after GC invocations=18 (full 2):
 PSYoungGen      total 75776K, used 6267K [0x00000000e0000000, 0x00000000e5680000, 0x0000000100000000)
  eden space 69120K, 0% used [0x00000000e0000000,0x00000000e0000000,0x00000000e4380000)
  from space 6656K, 94% used [0x00000000e5000000,0x00000000e561ee58,0x00000000e5680000)
  to   space 7168K, 0% used [0x00000000e4880000,0x00000000e4880000,0x00000000e4f80000)
 ParOldGen       total 48128K, used 17403K [0x00000000a0000000, 0x00000000a2f00000, 0x00000000e0000000)
  object space 48128K, 36% used [0x00000000a0000000,0x00000000a10fec00,0x00000000a2f00000)
 Metaspace       used 40970K, capacity 41708K, committed 41984K, reserved 1085440K
  class space    used 5597K, capacity 5853K, committed 5888K, reserved 1048576K
}
Event: 43.039 GC heap before
{Heap before GC invocations=19 (full 2):
 PSYoungGen      total 75776K, used 75387K [0x00000000e0000000, 0x00000000e5680000, 0x0000000100000000)
  eden space 69120K, 100% used [0x00000000e0000000,0x00000000e4380000,0x00000000e4380000)
  from space 6656K, 94% used [0x00000000e5000000,0x00000000e561ee58,0x00000000e5680000)
  to   space 7168K, 0% used [0x00000000e4880000,0x00000000e4880000,0x00000000e4f80000)
 ParOldGen       total 48128K, used 17403K [0x00000000a0000000, 0x00000000a2f00000, 0x00000000e0000000)
  object space 48128K, 36% used [0x00000000a0000000,0x00000000a10fec00,0x00000000a2f00000)
 Metaspace       used 41414K, capacity 42170K, committed 42496K, reserved 1085440K
  class space    used 5614K, capacity 5866K, committed 5888K, reserved 1048576K
Event: 43.054 GC heap after
Heap after GC invocations=19 (full 2):
 PSYoungGen      total 81408K, used 2743K [0x00000000e0000000, 0x00000000e6000000, 0x0000000100000000)
  eden space 74240K, 0% used [0x00000000e0000000,0x00000000e0000000,0x00000000e4880000)
  from space 7168K, 38% used [0x00000000e4880000,0x00000000e4b2dcc8,0x00000000e4f80000)
  to   space 7168K, 0% used [0x00000000e5900000,0x00000000e5900000,0x00000000e6000000)
 ParOldGen       total 48128K, used 22137K [0x00000000a0000000, 0x00000000a2f00000, 0x00000000e0000000)
  object space 48128K, 45% used [0x00000000a0000000,0x00000000a159e598,0x00000000a2f00000)
 Metaspace       used 41414K, capacity 42170K, committed 42496K, reserved 1085440K
  class space    used 5614K, capacity 5866K, committed 5888K, reserved 1048576K
}
Event: 47.072 GC heap before
{Heap before GC invocations=20 (full 2):
 PSYoungGen      total 81408K, used 76983K [0x00000000e0000000, 0x00000000e6000000, 0x0000000100000000)
  eden space 74240K, 100% used [0x00000000e0000000,0x00000000e4880000,0x00000000e4880000)
  from space 7168K, 38% used [0x00000000e4880000,0x00000000e4b2dcc8,0x00000000e4f80000)
  to   space 7168K, 0% used [0x00000000e5900000,0x00000000e5900000,0x00000000e6000000)
 ParOldGen       total 48128K, used 22137K [0x00000000a0000000, 0x00000000a2f00000, 0x00000000e0000000)
  object space 48128K, 45% used [0x00000000a0000000,0x00000000a159e598,0x00000000a2f00000)
 Metaspace       used 43861K, capacity 44660K, committed 44928K, reserved 1087488K
  class space    used 5949K, capacity 6179K, committed 6272K, reserved 1048576K
Event: 47.079 GC heap after
Heap after GC invocations=20 (full 2):
 PSYoungGen      total 91136K, used 4457K [0x00000000e0000000, 0x00000000e6480000, 0x0000000100000000)
  eden space 83968K, 0% used [0x00000000e0000000,0x00000000e0000000,0x00000000e5200000)
  from space 7168K, 62% used [0x00000000e5900000,0x00000000e5d5a568,0x00000000e6000000)
  to   space 7168K, 0% used [0x00000000e5200000,0x00000000e5200000,0x00000000e5900000)
 ParOldGen       total 48128K, used 22275K [0x00000000a0000000, 0x00000000a2f00000, 0x00000000e0000000)
  object space 48128K, 46% used [0x00000000a0000000,0x00000000a15c0c88,0x00000000a2f00000)
 Metaspace       used 43861K, capacity 44660K, committed 44928K, reserved 1087488K
  class space    used 5949K, capacity 6179K, committed 6272K, reserved 1048576K
}
Event: 53.495 GC heap before
{Heap before GC invocations=21 (full 2):
 PSYoungGen      total 91136K, used 88425K [0x00000000e0000000, 0x00000000e6480000, 0x0000000100000000)
  eden space 83968K, 100% used [0x00000000e0000000,0x00000000e5200000,0x00000000e5200000)
  from space 7168K, 62% used [0x00000000e5900000,0x00000000e5d5a568,0x00000000e6000000)
  to   space 7168K, 0% used [0x00000000e5200000,0x00000000e5200000,0x00000000e5900000)
 ParOldGen       total 48128K, used 22275K [0x00000000a0000000, 0x00000000a2f00000, 0x00000000e0000000)
  object space 48128K, 46% used [0x00000000a0000000,0x00000000a15c0c88,0x00000000a2f00000)
 Metaspace       used 48291K, capacity 49510K, committed 49792K, reserved 1091584K
  class space    used 6610K, capacity 6954K, committed 7040K, reserved 1048576K
Event: 53.517 GC heap after
Heap after GC invocations=21 (full 2):
 PSYoungGen      total 91136K, used 7136K [0x00000000e0000000, 0x00000000e7380000, 0x0000000100000000)
  eden space 83968K, 0% used [0x00000000e0000000,0x00000000e0000000,0x00000000e5200000)
  from space 7168K, 99% used [0x00000000e5200000,0x00000000e58f8010,0x00000000e5900000)
  to   space 9728K, 0% used [0x00000000e6a00000,0x00000000e6a00000,0x00000000e7380000)
 ParOldGen       total 48128K, used 27339K [0x00000000a0000000, 0x00000000a2f00000, 0x00000000e0000000)
  object space 48128K, 56% used [0x00000000a0000000,0x00000000a1ab2f28,0x00000000a2f00000)
 Metaspace       used 48291K, capacity 49510K, committed 49792K, reserved 1091584K
  class space    used 6610K, capacity 6954K, committed 7040K, reserved 1048576K
}
Event: 84.926 GC heap before
{Heap before GC invocations=22 (full 2):
 PSYoungGen      total 91136K, used 91104K [0x00000000e0000000, 0x00000000e7380000, 0x0000000100000000)
  eden space 83968K, 100% used [0x00000000e0000000,0x00000000e5200000,0x00000000e5200000)
  from space 7168K, 99% used [0x00000000e5200000,0x00000000e58f8010,0x00000000e5900000)
  to   space 9728K, 0% used [0x00000000e6a00000,0x00000000e6a00000,0x00000000e7380000)
 ParOldGen       total 48128K, used 27339K [0x00000000a0000000, 0x00000000a2f00000, 0x00000000e0000000)
  object space 48128K, 56% used [0x00000000a0000000,0x00000000a1ab2f28,0x00000000a2f00000)
 Metaspace       used 50187K, capacity 51436K, committed 51584K, reserved 1093632K
  class space    used 6833K, capacity 7195K, committed 7296K, reserved 1048576K
Event: 84.956 GC heap after
Heap after GC invocations=22 (full 2):
 PSYoungGen      total 104448K, used 3376K [0x00000000e0000000, 0x00000000e7180000, 0x0000000100000000)
  eden space 96768K, 0% used [0x00000000e0000000,0x00000000e0000000,0x00000000e5e80000)
  from space 7680K, 43% used [0x00000000e6a00000,0x00000000e6d4c170,0x00000000e7180000)
  to   space 9728K, 0% used [0x00000000e5e80000,0x00000000e5e80000,0x00000000e6800000)
 ParOldGen       total 48128K, used 34453K [0x00000000a0000000, 0x00000000a2f00000, 0x00000000e0000000)
  object space 48128K, 71% used [0x00000000a0000000,0x00000000a21a5798,0x00000000a2f00000)
 Metaspace       used 50187K, capacity 51436K, committed 51584K, reserved 1093632K
  class space    used 6833K, capacity 7195K, committed 7296K, reserved 1048576K
}

Deoptimization events (10 events):
Event: 89.096 Thread 0x0000000017cb9800 Uncommon trap: reason=bimorphic action=maybe_recompile pc=0x0000000003821c8c method=com.sun.org.apache.xerces.internal.dom.CoreDocumentImpl.isKidOK(Lorg/w3c/dom/Node;Lorg/w3c/dom/Node;)Z @ 39
Event: 89.096 Thread 0x0000000017cb9800 Uncommon trap: reason=bimorphic action=maybe_recompile pc=0x00000000037e2280 method=com.sun.org.apache.xerces.internal.dom.NodeImpl.changed()V @ 1
Event: 89.096 Thread 0x0000000017cb9800 Uncommon trap: reason=bimorphic action=maybe_recompile pc=0x0000000003821c8c method=com.sun.org.apache.xerces.internal.dom.CoreDocumentImpl.isKidOK(Lorg/w3c/dom/Node;Lorg/w3c/dom/Node;)Z @ 39
Event: 89.096 Thread 0x0000000017cb9800 Uncommon trap: reason=bimorphic action=maybe_recompile pc=0x00000000037e2280 method=com.sun.org.apache.xerces.internal.dom.NodeImpl.changed()V @ 1
Event: 89.096 Thread 0x0000000017cb9800 Uncommon trap: reason=bimorphic action=maybe_recompile pc=0x0000000003821c8c method=com.sun.org.apache.xerces.internal.dom.CoreDocumentImpl.isKidOK(Lorg/w3c/dom/Node;Lorg/w3c/dom/Node;)Z @ 39
Event: 89.096 Thread 0x0000000017cb9800 Uncommon trap: reason=bimorphic action=maybe_recompile pc=0x00000000037e2280 method=com.sun.org.apache.xerces.internal.dom.NodeImpl.changed()V @ 1
Event: 89.096 Thread 0x0000000017cb9800 Uncommon trap: reason=bimorphic action=maybe_recompile pc=0x000000000381e6b8 method=com.sun.org.apache.xerces.internal.dom.CoreDocumentImpl.isKidOK(Lorg/w3c/dom/Node;Lorg/w3c/dom/Node;)Z @ 39
Event: 89.468 Thread 0x0000000017cb9800 Uncommon trap: reason=unstable_if action=reinterpret pc=0x00000000038ff868 method=com.google.gson.stream.JsonReader.doPeek()I @ 315
Event: 89.598 Thread 0x0000000017cb9800 Uncommon trap: reason=null_check action=make_not_entrant pc=0x00000000039158ac method=com.android.ide.common.res2.NodeUtils.processSingleNodeNamespace(Lorg/w3c/dom/Node;Lorg/w3c/dom/Document;)Z @ 8
Event: 91.373 Thread 0x000000001b501800 Uncommon trap: reason=unstable_if action=reinterpret pc=0x0000000002f39c1c method=java.util.regex.Matcher.appendReplacement(Ljava/lang/StringBuffer;Ljava/lang/String;)Ljava/util/regex/Matcher; @ 47

Internal exceptions (10 events):
Event: 79.061 Thread 0x000000001cf37000 Exception <a 'sun/nio/fs/WindowsException'> (0x00000000e3d508e0) thrown at [C:\re\workspace\8-2-build-windows-amd64-cygwin\jdk8u144\9417\hotspot\src\share\vm\prims\jni.cpp, line 709]
Event: 79.069 Thread 0x000000001cf3b000 Exception <a 'sun/nio/fs/WindowsException'> (0x00000000e3c54900) thrown at [C:\re\workspace\8-2-build-windows-amd64-cygwin\jdk8u144\9417\hotspot\src\share\vm\prims\jni.cpp, line 709]
Event: 79.070 Thread 0x000000001cf3b000 Exception <a 'sun/nio/fs/WindowsException'> (0x00000000e3c55128) thrown at [C:\re\workspace\8-2-build-windows-amd64-cygwin\jdk8u144\9417\hotspot\src\share\vm\prims\jni.cpp, line 709]
Event: 79.073 Thread 0x000000001cf39800 Exception <a 'sun/nio/fs/WindowsException'> (0x00000000e3ca8e70) thrown at [C:\re\workspace\8-2-build-windows-amd64-cygwin\jdk8u144\9417\hotspot\src\share\vm\prims\jni.cpp, line 709]
Event: 79.073 Thread 0x000000001cf39800 Exception <a 'sun/nio/fs/WindowsException'> (0x00000000e3ca9670) thrown at [C:\re\workspace\8-2-build-windows-amd64-cygwin\jdk8u144\9417\hotspot\src\share\vm\prims\jni.cpp, line 709]
Event: 79.080 Thread 0x000000001cf39800 Exception <a 'sun/nio/fs/WindowsException'> (0x00000000e3caa3f8) thrown at [C:\re\workspace\8-2-build-windows-amd64-cygwin\jdk8u144\9417\hotspot\src\share\vm\prims\jni.cpp, line 709]
Event: 79.080 Thread 0x000000001cf39800 Exception <a 'sun/nio/fs/WindowsException'> (0x00000000e3caac38) thrown at [C:\re\workspace\8-2-build-windows-amd64-cygwin\jdk8u144\9417\hotspot\src\share\vm\prims\jni.cpp, line 709]
Event: 79.129 Thread 0x000000001cf39800 Exception <a 'sun/nio/fs/WindowsException'> (0x00000000e3cab940) thrown at [C:\re\workspace\8-2-build-windows-amd64-cygwin\jdk8u144\9417\hotspot\src\share\vm\prims\jni.cpp, line 709]
Event: 79.129 Thread 0x000000001cf39800 Exception <a 'sun/nio/fs/WindowsException'> (0x00000000e3cac138) thrown at [C:\re\workspace\8-2-build-windows-amd64-cygwin\jdk8u144\9417\hotspot\src\share\vm\prims\jni.cpp, line 709]
Event: 89.598 Thread 0x0000000017cb9800 Implicit null exception at 0x0000000003915557 to 0x000000000391589d

Events (10 events):
Event: 91.607 Thread 0x0000000015c05000 flushing nmethod 0x00000000036b7d10
Event: 91.611 Executing VM operation: RevokeBias
Event: 91.650 Executing VM operation: RevokeBias done
Event: 91.652 Thread 0x000000001cd00800 Thread added: 0x000000001cd00800
Event: 91.652 Thread 0x000000001cd01000 Thread added: 0x000000001cd01000
Event: 91.658 Executing VM operation: RevokeBias
Event: 91.675 Executing VM operation: RevokeBias done
Event: 91.677 Thread 0x000000001cd02000 Thread added: 0x000000001cd02000
Event: 91.678 Thread 0x000000001d0bb800 Thread added: 0x000000001d0bb800
Event: 91.693 Executing VM operation: ParallelGCFailedAllocation


Dynamic libraries:
0x00007ff666a60000 - 0x00007ff666a97000 	D:\Java\jdk1.8.0_144\bin\java.exe
0x00007ffa6a790000 - 0x00007ffa6a951000 	C:\WINDOWS\SYSTEM32\ntdll.dll
0x00007ffa67ef0000 - 0x00007ffa67f9d000 	C:\WINDOWS\system32\KERNEL32.DLL
0x00007ffa67680000 - 0x00007ffa67868000 	C:\WINDOWS\system32\KERNELBASE.dll
0x00007ffa67e40000 - 0x00007ffa67ee7000 	C:\WINDOWS\system32\ADVAPI32.dll
0x00007ffa6a4a0000 - 0x00007ffa6a53d000 	C:\WINDOWS\system32\msvcrt.dll
0x00007ffa6a110000 - 0x00007ffa6a16b000 	C:\WINDOWS\system32\sechost.dll
0x00007ffa67b90000 - 0x00007ffa67cac000 	C:\WINDOWS\system32\RPCRT4.dll
0x00007ffa6a1e0000 - 0x00007ffa6a336000 	C:\WINDOWS\system32\USER32.dll
0x00007ffa69500000 - 0x00007ffa69686000 	C:\WINDOWS\system32\GDI32.dll
0x00007ffa596e0000 - 0x00007ffa59954000 	C:\WINDOWS\WinSxS\amd64_microsoft.windows.common-controls_6595b64144ccf1df_6.0.10586.0_none_8c15ae12515e1c22\COMCTL32.dll
0x00007ffa69840000 - 0x00007ffa69abd000 	C:\WINDOWS\system32\combase.dll
0x00007ffa67b20000 - 0x00007ffa67b8a000 	C:\WINDOWS\system32\bcryptPrimitives.dll
0x00007ffa69800000 - 0x00007ffa6983b000 	C:\WINDOWS\system32\IMM32.DLL
0x000000006c170000 - 0x000000006c242000 	D:\Java\jdk1.8.0_144\jre\bin\msvcr100.dll
0x000000006b8d0000 - 0x000000006c16d000 	D:\Java\jdk1.8.0_144\jre\bin\server\jvm.dll
0x00007ffa6a780000 - 0x00007ffa6a788000 	C:\WINDOWS\system32\PSAPI.DLL
0x00007ffa626a0000 - 0x00007ffa626a9000 	C:\WINDOWS\SYSTEM32\WSOCK32.dll
0x00007ffa6a170000 - 0x00007ffa6a1db000 	C:\WINDOWS\system32\WS2_32.dll
0x00007ffa65000000 - 0x00007ffa65023000 	C:\WINDOWS\SYSTEM32\WINMM.dll
0x00007ffa5ad40000 - 0x00007ffa5ad4a000 	C:\WINDOWS\SYSTEM32\VERSION.dll
0x00007ffa64fd0000 - 0x00007ffa64ffc000 	C:\WINDOWS\SYSTEM32\WINMMBASE.dll
0x00007ffa67870000 - 0x00007ffa678b3000 	C:\WINDOWS\system32\cfgmgr32.dll
0x000000006b8c0000 - 0x000000006b8cf000 	D:\Java\jdk1.8.0_144\jre\bin\verify.dll
0x000000006b890000 - 0x000000006b8b9000 	D:\Java\jdk1.8.0_144\jre\bin\java.dll
0x000000006b870000 - 0x000000006b886000 	D:\Java\jdk1.8.0_144\jre\bin\zip.dll
0x00007ffa67fa0000 - 0x00007ffa694fc000 	C:\WINDOWS\system32\SHELL32.dll
0x00007ffa66f20000 - 0x00007ffa67565000 	C:\WINDOWS\system32\windows.storage.dll
0x00007ffa69690000 - 0x00007ffa696e2000 	C:\WINDOWS\system32\shlwapi.dll
0x00007ffa66e20000 - 0x00007ffa66e2f000 	C:\WINDOWS\system32\kernel.appcore.dll
0x00007ffa66e60000 - 0x00007ffa66f15000 	C:\WINDOWS\system32\shcore.dll
0x00007ffa66dd0000 - 0x00007ffa66e1b000 	C:\WINDOWS\system32\powrprof.dll
0x00007ffa66db0000 - 0x00007ffa66dc4000 	C:\WINDOWS\system32\profapi.dll
0x000000006b850000 - 0x000000006b86a000 	D:\Java\jdk1.8.0_144\jre\bin\net.dll
0x00007ffa666e0000 - 0x00007ffa6673c000 	C:\WINDOWS\system32\mswsock.dll
0x000000006b830000 - 0x000000006b841000 	D:\Java\jdk1.8.0_144\jre\bin\nio.dll
0x00007ffa639e0000 - 0x00007ffa639f2000 	C:\Users\MUBASHIR\.gradle\native\19\windows-amd64\native-platform.dll
0x00007ffa66790000 - 0x00007ffa667a7000 	C:\WINDOWS\SYSTEM32\CRYPTSP.dll
0x00007ffa66420000 - 0x00007ffa66454000 	C:\WINDOWS\system32\rsaenh.dll
0x00007ffa66ce0000 - 0x00007ffa66d09000 	C:\WINDOWS\SYSTEM32\bcrypt.dll
0x00007ffa66570000 - 0x00007ffa6658f000 	C:\WINDOWS\SYSTEM32\USERENV.dll
0x00007ffa668b0000 - 0x00007ffa668bb000 	C:\WINDOWS\SYSTEM32\CRYPTBASE.dll
0x00007ffa5e4a0000 - 0x00007ffa5e4d8000 	C:\WINDOWS\SYSTEM32\IPHLPAPI.DLL
0x00007ffa67e20000 - 0x00007ffa67e28000 	C:\WINDOWS\system32\NSI.dll
0x00007ffa5d860000 - 0x00007ffa5d876000 	C:\WINDOWS\SYSTEM32\dhcpcsvc6.DLL
0x00007ffa5dc40000 - 0x00007ffa5dc5a000 	C:\WINDOWS\SYSTEM32\dhcpcsvc.DLL
0x000000006b820000 - 0x000000006b82d000 	D:\Java\jdk1.8.0_144\jre\bin\management.dll
0x00007ffa66300000 - 0x00007ffa66331000 	C:\WINDOWS\SYSTEM32\ntmarta.dll
0x00007ffa4bef0000 - 0x00007ffa4bf8c000 	C:\WINDOWS\SYSTEM32\efswrt.dll
0x00007ffa6a540000 - 0x00007ffa6a601000 	C:\WINDOWS\system32\OLEAUT32.dll
0x00007ffa5ea60000 - 0x00007ffa5eb96000 	C:\WINDOWS\SYSTEM32\wintypes.dll
0x00007ffa566f0000 - 0x00007ffa56740000 	C:\WINDOWS\SYSTEM32\edputil.dll

VM Arguments:
jvm_args: -Xmx1536M -Dfile.encoding=windows-1252 -Duser.country=AU -Duser.language=en -Duser.variant 
java_command: org.gradle.launcher.daemon.bootstrap.GradleDaemon 2.14.1
java_class_path (initial): C:\Users\MUBASHIR\.gradle\wrapper\dists\gradle-2.14.1-all\8bnwg5hd3w55iofp58khbp6yv\gradle-2.14.1\lib\gradle-launcher-2.14.1.jar
Launcher Type: SUN_STANDARD

Environment Variables:
JAVA_HOME=D:\Java\jdk1.8.0_144
CLASSPATH=E:\React Native\saylani fyp\firebaseProject_0\android\\gradle\wrapper\gradle-wrapper.jar
PATH=C:\ProgramData\Oracle\Java\javapath;C:\Program Files (x86)\Intel\iCLS Client\;C:\Program Files\Intel\iCLS Client\;C:\WINDOWS\system32;C:\WINDOWS;C:\WINDOWS\System32\Wbem;C:\WINDOWS\System32\WindowsPowerShell\v1.0\;C:\Program Files (x86)\Intel\Intel(R) Management Engine Components\DAL;C:\Program Files\Intel\Intel(R) Management Engine Components\DAL;C:\Program Files (x86)\Intel\Intel(R) Management Engine Components\IPT;C:\Program Files\Intel\Intel(R) Management Engine Components\IPT;D:\Program Files\nodejs\;d:\Program Files\Git\cmd;C:\Program Files (x86)\Skype\Phone\;C:\Users\MUBASHIR\AppData\Roaming\npm;D:\Program Files (x86)\Android\android-sdk\platform-tools;d:\Program Files (x86)\Microsoft VS Code\bin
USERNAME=MUBASHIR
OS=Windows_NT
PROCESSOR_IDENTIFIER=Intel64 Family 6 Model 61 Stepping 4, GenuineIntel



---------------  S Y S T E M  ---------------

OS: Windows 10.0 , 64 bit Build 10586 (10.0.10586.0)

CPU:total 4 (initial active 4) (2 cores per cpu, 2 threads per core) family 6 model 61 stepping 4, cmov, cx8, fxsr, mmx, sse, sse2, sse3, ssse3, sse4.1, sse4.2, popcnt, avx, avx2, aes, clmul, erms, 3dnowpref, lzcnt, ht, tsc, tscinvbit, bmi1, bmi2, adx

Memory: 4k page, physical 4107980k(450640k free), swap 6672996k(23412k free)

vm_info: Java HotSpot(TM) 64-Bit Server VM (25.144-b01) for windows-amd64 JRE (1.8.0_144-b01), built on Jul 21 2017 21:57:33 by "java_re" with MS VC++ 10.0 (VS2010)

time: Wed Oct 04 22:22:12 2017
elapsed time: 92 seconds (0d 0h 1m 32s)

