#
# There is insufficient memory for the Java Runtime Environment to continue.
# Native memory allocation (malloc) failed to allocate 114128 bytes for Chunk::new
# Possible reasons:
#   The system is out of physical RAM or swap space
#   In 32 bit mode, the process size limit was hit
# Possible solutions:
#   Reduce memory load on the system
#   Increase physical memory or swap space
#   Check if swap backing store is full
#   Use 64 bit Java on a 64 bit OS
#   Decrease Java heap size (-Xmx/-Xms)
#   Decrease number of Java threads
#   Decrease Java thread stack sizes (-Xss)
#   Set larger code cache with -XX:ReservedCodeCacheSize=
# This output file may be truncated or incomplete.
#
#  Out of Memory Error (allocation.cpp:390), pid=684, tid=0x0000000000000f7c
#
# JRE version: Java(TM) SE Runtime Environment (8.0_144-b01) (build 1.8.0_144-b01)
# Java VM: Java HotSpot(TM) 64-Bit Server VM (25.144-b01 mixed mode windows-amd64 compressed oops)
# Failed to write core dump. Minidumps are not enabled by default on client versions of Windows
#

---------------  T H R E A D  ---------------

Current thread (0x0000000014a2f000):  JavaThread "C2 CompilerThread0" daemon [_thread_in_native, id=3964, stack(0x0000000016070000,0x0000000016170000)]

Stack: [0x0000000016070000,0x0000000016170000]
[error occurred during error reporting (printing stack bounds), id 0xc0000005]

Native frames: (J=compiled Java code, j=interpreted, Vv=VM code, C=native code)


Current CompileTask:
C2:   4832 1136       4       com.android.dx.ssa.SsaBasicBlock::forEachInsn (37 bytes)


---------------  P R O C E S S  ---------------

Java Threads: ( => current thread )
  0x00000000164f2000 JavaThread "pool-1-thread-4" [_thread_in_vm, id=4944, stack(0x0000000016d70000,0x0000000016e70000)]
  0x00000000164f1000 JavaThread "pool-1-thread-3" [_thread_blocked, id=8636, stack(0x0000000016c70000,0x0000000016d70000)]
  0x00000000164f0800 JavaThread "pool-1-thread-2" [_thread_blocked, id=2392, stack(0x0000000016b70000,0x0000000016c70000)]
  0x00000000164ed800 JavaThread "pool-2-thread-1" [_thread_blocked, id=9720, stack(0x0000000016a70000,0x0000000016b70000)]
  0x00000000164ea000 JavaThread "pool-1-thread-1" [_thread_blocked, id=5088, stack(0x0000000016970000,0x0000000016a70000)]
  0x000000001627d800 JavaThread "Service Thread" daemon [_thread_blocked, id=9896, stack(0x0000000016770000,0x0000000016870000)]
  0x0000000016278800 JavaThread "C1 CompilerThread2" daemon [_thread_in_native, id=2212, stack(0x0000000016670000,0x0000000016770000)]
  0x0000000014a32000 JavaThread "C2 CompilerThread1" daemon [_thread_in_native, id=6484, stack(0x0000000016170000,0x0000000016270000)]
=>0x0000000014a2f000 JavaThread "C2 CompilerThread0" daemon [_thread_in_native, id=3964, stack(0x0000000016070000,0x0000000016170000)]
  0x0000000014a2d800 JavaThread "Attach Listener" daemon [_thread_blocked, id=5208, stack(0x0000000015f70000,0x0000000016070000)]
  0x0000000014a2a000 JavaThread "Signal Dispatcher" daemon [_thread_blocked, id=212, stack(0x0000000015e70000,0x0000000015f70000)]
  0x0000000014a1a000 JavaThread "Finalizer" daemon [_thread_blocked, id=5008, stack(0x0000000015c90000,0x0000000015d90000)]
  0x00000000149f9000 JavaThread "Reference Handler" daemon [_thread_blocked, id=948, stack(0x0000000015b90000,0x0000000015c90000)]
  0x0000000002260800 JavaThread "main" [_thread_in_native, id=5488, stack(0x0000000002130000,0x0000000002230000)]

Other Threads:
  0x00000000149f7800 VMThread [stack: 0x0000000015a90000,0x0000000015b90000] [id=2088]
  0x0000000016292000 WatcherThread [stack: 0x0000000016870000,0x0000000016970000] [id=2908]

VM state:not at safepoint (normal execution)

VM Mutex/Monitor currently owned by a thread:  ([mutex/lock_event])
[0x000000000212d7c0] MethodData_lock - owner thread: 0x00000000164f2000

Heap:
 PSYoungGen      total 18944K, used 14119K [0x00000000eab00000, 0x00000000ed000000, 0x0000000100000000)
  eden space 16384K, 70% used [0x00000000eab00000,0x00000000eb64c258,0x00000000ebb00000)
  from space 2560K, 99% used [0x00000000ebb00000,0x00000000ebd7dc78,0x00000000ebd80000)
  to   space 2560K, 0% used [0x00000000ecd80000,0x00000000ecd80000,0x00000000ed000000)
 ParOldGen       total 44032K, used 1631K [0x00000000c0000000, 0x00000000c2b00000, 0x00000000eab00000)
  object space 44032K, 3% used [0x00000000c0000000,0x00000000c0197f38,0x00000000c2b00000)
 Metaspace       used 5959K, capacity 6898K, committed 7040K, reserved 1056768K
  class space    used 604K, capacity 618K, committed 640K, reserved 1048576K

Card table byte_map: [0x0000000011720000,0x0000000011930000] byte_map_base: 0x0000000011120000

Marking Bits: (ParMarkBitMap*) 0x00000000522ed850
 Begin Bits: [0x0000000011e90000, 0x0000000012e90000)
 End Bits:   [0x0000000012e90000, 0x0000000013e90000)

Polling page: 0x0000000000aa0000

CodeCache: size=245760Kb used=4559Kb max_used=4559Kb free=241201Kb
 bounds [0x0000000002360000, 0x00000000027e0000, 0x0000000011360000]
 total_blobs=1414 nmethods=1151 adapters=176
 compilation: enabled

Compilation events (10 events):
Event: 4.572 Thread 0x0000000016278800 nmethod 1154 0x00000000027cef10 code [0x00000000027cf080, 0x00000000027cf208]
Event: 4.572 Thread 0x0000000016278800 1155   !   3       com.android.dx.cf.code.OneLocalsArray::set (106 bytes)
Event: 4.573 Thread 0x0000000016278800 nmethod 1155 0x00000000027cf290 code [0x00000000027cf4e0, 0x00000000027d0318]
Event: 4.573 Thread 0x0000000016278800 1156       3       com.android.dx.rop.cst.CstString::<init> (42 bytes)
Event: 4.574 Thread 0x0000000016278800 nmethod 1156 0x00000000027d0990 code [0x00000000027d0b60, 0x00000000027d10f8]
Event: 4.574 Thread 0x0000000016278800 1157       3       com.android.dx.ssa.SsaMethod::makeNewGotoBlock (52 bytes)
Event: 4.576 Thread 0x0000000016278800 nmethod 1157 0x00000000027d1390 code [0x00000000027d15e0, 0x00000000027d2408]
Event: 4.576 Thread 0x0000000016278800 1160       3       com.android.dx.cf.code.Ropper::addExceptionSetupBlocks (203 bytes)
Event: 4.579 Thread 0x0000000016278800 nmethod 1160 0x00000000027d2bd0 code [0x00000000027d2fc0, 0x00000000027d5388]
Event: 4.579 Thread 0x0000000016278800 1161       3       com.android.dx.cf.code.Simulator$SimVisitor::visitNoArgs (2108 bytes)

GC Heap History (2 events):
Event: 3.883 GC heap before
{Heap before GC invocations=1 (full 0):
 PSYoungGen      total 18944K, used 16384K [0x00000000eab00000, 0x00000000ec000000, 0x0000000100000000)
  eden space 16384K, 100% used [0x00000000eab00000,0x00000000ebb00000,0x00000000ebb00000)
  from space 2560K, 0% used [0x00000000ebd80000,0x00000000ebd80000,0x00000000ec000000)
  to   space 2560K, 0% used [0x00000000ebb00000,0x00000000ebb00000,0x00000000ebd80000)
 ParOldGen       total 44032K, used 0K [0x00000000c0000000, 0x00000000c2b00000, 0x00000000eab00000)
  object space 44032K, 0% used [0x00000000c0000000,0x00000000c0000000,0x00000000c2b00000)
 Metaspace       used 5794K, capacity 6770K, committed 7040K, reserved 1056768K
  class space    used 603K, capacity 618K, committed 640K, reserved 1048576K
Event: 4.224 GC heap after
Heap after GC invocations=1 (full 0):
 PSYoungGen      total 18944K, used 2551K [0x00000000eab00000, 0x00000000ed000000, 0x0000000100000000)
  eden space 16384K, 0% used [0x00000000eab00000,0x00000000eab00000,0x00000000ebb00000)
  from space 2560K, 99% used [0x00000000ebb00000,0x00000000ebd7dc78,0x00000000ebd80000)
  to   space 2560K, 0% used [0x00000000ecd80000,0x00000000ecd80000,0x00000000ed000000)
 ParOldGen       total 44032K, used 1631K [0x00000000c0000000, 0x00000000c2b00000, 0x00000000eab00000)
  object space 44032K, 3% used [0x00000000c0000000,0x00000000c0197f38,0x00000000c2b00000)
 Metaspace       used 5794K, capacity 6770K, committed 7040K, reserved 1056768K
  class space    used 603K, capacity 618K, committed 640K, reserved 1048576K
}

Deoptimization events (4 events):
Event: 2.758 Thread 0x00000000164ea000 Uncommon trap: reason=class_check action=maybe_recompile pc=0x000000000256fdf0 method=com.android.dx.ssa.NormalSsaInsn.accept(Lcom/android/dx/ssa/SsaInsn$Visitor;)V @ 9
Event: 3.314 Thread 0x00000000164ea000 Uncommon trap: reason=class_check action=maybe_recompile pc=0x000000000256fdf0 method=com.android.dx.ssa.NormalSsaInsn.accept(Lcom/android/dx/ssa/SsaInsn$Visitor;)V @ 9
Event: 4.522 Thread 0x00000000164f2000 Uncommon trap: reason=unstable_if action=reinterpret pc=0x00000000026e8568 method=com.android.dx.ssa.SsaRenamer$BlockRenamer.addMapping(ILcom/android/dx/rop/code/RegisterSpec;)V @ 120
Event: 4.536 Thread 0x00000000164f2000 Uncommon trap: reason=null_check action=make_not_entrant pc=0x0000000002660570 method=com.android.dx.ssa.SsaRenamer.getLocalForNewReg(I)Lcom/android/dx/rop/code/LocalItem; @ 19

Internal exceptions (4 events):
Event: 0.046 Thread 0x0000000002260800 Exception <a 'java/lang/NoSuchMethodError': Method sun.misc.Unsafe.defineClass(Ljava/lang/String;[BII)Ljava/lang/Class; name or signature does not match> (0x00000000eab07ca8) thrown at [C:\re\workspace\8-2-build-windows-amd64-cygwin\jdk8u144\9417\hotspot\
Event: 0.047 Thread 0x0000000002260800 Exception <a 'java/lang/NoSuchMethodError': Method sun.misc.Unsafe.prefetchRead(Ljava/lang/Object;J)V name or signature does not match> (0x00000000eab07f90) thrown at [C:\re\workspace\8-2-build-windows-amd64-cygwin\jdk8u144\9417\hotspot\src\share\vm\prims
Event: 4.536 Thread 0x00000000164f2000 Implicit null exception at 0x000000000265eb2e to 0x0000000002660529
Event: 4.589 Thread 0x0000000002260800 Exception <a 'java/lang/OutOfMemoryError': could not allocate Unicode string> (0x00000000eb532e98) thrown at [C:\re\workspace\8-2-build-windows-amd64-cygwin\jdk8u144\9417\hotspot\src\share\vm\classfile\javaClasses.cpp, line 332]

Events (10 events):
Event: 4.301 loading class com/android/dx/cf/code/SwitchList done
Event: 4.361 loading class com/android/dx/cf/attrib/AttDeprecated
Event: 4.361 loading class com/android/dx/cf/attrib/AttDeprecated done
Event: 4.522 Thread 0x00000000164f2000 Uncommon trap: trap_request=0xffffff65 fr.pc=0x00000000026e8568
Event: 4.522 Thread 0x00000000164f2000 DEOPT PACKING pc=0x00000000026e8568 sp=0x0000000016e6e850
Event: 4.522 Thread 0x00000000164f2000 DEOPT UNPACKING pc=0x00000000023a582a sp=0x0000000016e6e7e0 mode 2
Event: 4.536 Thread 0x00000000164f2000 Uncommon trap: trap_request=0xfffffff4 fr.pc=0x0000000002660570
Event: 4.536 Thread 0x00000000164f2000 DEOPT PACKING pc=0x0000000002660570 sp=0x0000000016e6e9a0
Event: 4.536 Thread 0x00000000164f2000 DEOPT UNPACKING pc=0x00000000023a582a sp=0x0000000016e6e7f8 mode 2
Event: 4.589 loading class java/lang/Throwable$WrappedPrintStream


Dynamic libraries:
0x00007ff704770000 - 0x00007ff7047a7000 	D:\Java\jdk1.8.0_144\bin\java.exe
0x00007ff93ab70000 - 0x00007ff93ad31000 	C:\WINDOWS\SYSTEM32\ntdll.dll
0x00007ff93a350000 - 0x00007ff93a3fd000 	C:\WINDOWS\system32\KERNEL32.DLL
0x00007ff937a80000 - 0x00007ff937c68000 	C:\WINDOWS\system32\KERNELBASE.dll
0x00007ff93a820000 - 0x00007ff93a8c7000 	C:\WINDOWS\system32\ADVAPI32.dll
0x00007ff9388c0000 - 0x00007ff93895d000 	C:\WINDOWS\system32\msvcrt.dll
0x00007ff938020000 - 0x00007ff93807b000 	C:\WINDOWS\system32\sechost.dll
0x00007ff938330000 - 0x00007ff93844c000 	C:\WINDOWS\system32\RPCRT4.dll
0x00007ff93a400000 - 0x00007ff93a556000 	C:\WINDOWS\system32\USER32.dll
0x00007ff938550000 - 0x00007ff9386d6000 	C:\WINDOWS\system32\GDI32.dll
0x00007ff92a770000 - 0x00007ff92a9e4000 	C:\WINDOWS\WinSxS\amd64_microsoft.windows.common-controls_6595b64144ccf1df_6.0.10586.0_none_8c15ae12515e1c22\COMCTL32.dll
0x00007ff93a8e0000 - 0x00007ff93ab5d000 	C:\WINDOWS\system32\combase.dll
0x00007ff937370000 - 0x00007ff9373da000 	C:\WINDOWS\system32\bcryptPrimitives.dll
0x00007ff93a780000 - 0x00007ff93a7bb000 	C:\WINDOWS\system32\IMM32.DLL
0x0000000052370000 - 0x0000000052442000 	D:\Java\jdk1.8.0_144\jre\bin\msvcr100.dll
0x0000000051ad0000 - 0x000000005236d000 	D:\Java\jdk1.8.0_144\jre\bin\server\jvm.dll
0x00007ff93a8d0000 - 0x00007ff93a8d8000 	C:\WINDOWS\system32\PSAPI.DLL
0x00007ff9337c0000 - 0x00007ff9337c9000 	C:\WINDOWS\SYSTEM32\WSOCK32.dll
0x00007ff93a560000 - 0x00007ff93a5cb000 	C:\WINDOWS\system32\WS2_32.dll
0x00007ff9353e0000 - 0x00007ff935403000 	C:\WINDOWS\SYSTEM32\WINMM.dll
0x00007ff9353b0000 - 0x00007ff9353dc000 	C:\WINDOWS\SYSTEM32\WINMMBASE.dll
0x00007ff9373e0000 - 0x00007ff937423000 	C:\WINDOWS\system32\cfgmgr32.dll
0x00007ff92d940000 - 0x00007ff92d94a000 	C:\WINDOWS\SYSTEM32\VERSION.dll
0x0000000051ac0000 - 0x0000000051acf000 	D:\Java\jdk1.8.0_144\jre\bin\verify.dll
0x0000000051a90000 - 0x0000000051ab9000 	D:\Java\jdk1.8.0_144\jre\bin\java.dll
0x0000000051a70000 - 0x0000000051a86000 	D:\Java\jdk1.8.0_144\jre\bin\zip.dll
0x00007ff938df0000 - 0x00007ff93a34c000 	C:\WINDOWS\system32\SHELL32.dll
0x00007ff937430000 - 0x00007ff937a75000 	C:\WINDOWS\system32\windows.storage.dll
0x00007ff93a7c0000 - 0x00007ff93a812000 	C:\WINDOWS\system32\shlwapi.dll
0x00007ff937210000 - 0x00007ff93721f000 	C:\WINDOWS\system32\kernel.appcore.dll
0x00007ff937220000 - 0x00007ff9372d5000 	C:\WINDOWS\system32\shcore.dll
0x00007ff937190000 - 0x00007ff9371db000 	C:\WINDOWS\system32\powrprof.dll
0x00007ff9371e0000 - 0x00007ff9371f4000 	C:\WINDOWS\system32\profapi.dll

VM Arguments:
jvm_args: -Djava.awt.headless=true -Xmx1024M -Dfile.encoding=windows-1252 -Duser.country=AU -Duser.language=en -Duser.variant 
java_command: com.android.dx.command.Main --dex --num-threads=4 --output E:\React Native\firebaseProject_0\android\app\build\intermediates\pre-dexed\debug\com.facebook.fresco-imagepipeline-1.0.1_f9b870dbdf99c41b1948a17b4d9a7ed1e7cb62be.jar E:\React Native\firebaseProject_0\android\app\build\intermediates\exploded-aar\com.facebook.fresco\imagepipeline\1.0.1\jars\classes.jar
java_class_path (initial): D:\Program Files (x86)\Android\android-sdk\build-tools\23.0.1\lib\dx.jar
Launcher Type: SUN_STANDARD

Environment Variables:
JAVA_HOME=D:\Java\jdk1.8.0_144
CLASSPATH=E:\React Native\firebaseProject_0\android\\gradle\wrapper\gradle-wrapper.jar
PATH=C:\ProgramData\Oracle\Java\javapath;C:\Program Files (x86)\Intel\iCLS Client\;C:\Program Files\Intel\iCLS Client\;C:\WINDOWS\system32;C:\WINDOWS;C:\WINDOWS\System32\Wbem;C:\WINDOWS\System32\WindowsPowerShell\v1.0\;C:\Program Files (x86)\Intel\Intel(R) Management Engine Components\DAL;C:\Program Files\Intel\Intel(R) Management Engine Components\DAL;C:\Program Files (x86)\Intel\Intel(R) Management Engine Components\IPT;C:\Program Files\Intel\Intel(R) Management Engine Components\IPT;D:\Program Files\nodejs\;d:\Program Files\Git\cmd;C:\Program Files (x86)\Skype\Phone\;C:\Users\MUBASHIR\AppData\Roaming\npm;d:\Program Files (x86)\Microsoft VS Code\bin;D:\Program Files (x86)\Android\android-sdk\platform-tools
USERNAME=MUBASHIR
OS=Windows_NT
PROCESSOR_IDENTIFIER=Intel64 Family 6 Model 61 Stepping 4, GenuineIntel



---------------  S Y S T E M  ---------------

OS: Windows 10.0 , 64 bit Build 10586 (10.0.10586.0)

CPU:total 4 (initial active 4) (2 cores per cpu, 2 threads per core) family 6 model 61 stepping 4, cmov, cx8, fxsr, mmx, sse, sse2, sse3, ssse3, sse4.1, sse4.2, popcnt, avx, avx2, aes, clmul, erms, 3dnowpref, lzcnt, ht, tsc, tscinvbit, bmi1, bmi2, adx

Memory: 4k page, physical 4107980k(251256k free), swap 8203980k(3268k free)

vm_info: Java HotSpot(TM) 64-Bit Server VM (25.144-b01) for windows-amd64 JRE (1.8.0_144-b01), built on Jul 21 2017 21:57:33 by "java_re" with MS VC++ 10.0 (VS2010)

time: Sat Sep 16 14:58:13 2017
elapsed time: 4 seconds (0d 0h 0m 4s)

