#
# There is insufficient memory for the Java Runtime Environment to continue.
# Native memory allocation (malloc) failed to allocate 1048576 bytes for AllocateHeap
# Possible reasons:
#   The system is out of physical RAM or swap space
#   In 32 bit mode, the process size limit was hit
# Possible solutions:
#   Reduce memory load on the system
#   Increase physical memory or swap space
#   Check if swap backing store is full
#   Use 64 bit Java on a 64 bit OS
#   Decrease Java heap size (-Xmx/-Xms)
#   Decrease number of Java threads
#   Decrease Java thread stack sizes (-Xss)
#   Set larger code cache with -XX:ReservedCodeCacheSize=
# This output file may be truncated or incomplete.
#
#  Out of Memory Error (memory/allocation.inline.hpp:61), pid=7352, tid=0x0000000000002428
#
# JRE version:  (8.0_144-b01) (build )
# Java VM: Java HotSpot(TM) 64-Bit Server VM (25.144-b01 mixed mode windows-amd64 compressed oops)
# Failed to write core dump. Minidumps are not enabled by default on client versions of Windows
#

---------------  T H R E A D  ---------------

Current thread (0x0000000002110800):  JavaThread "Unknown thread" [_thread_in_vm, id=9256, stack(0x0000000001fb0000,0x00000000020b0000)]

Stack: [0x0000000001fb0000,0x00000000020b0000]
[error occurred during error reporting (printing stack bounds), id 0xc0000005]

Native frames: (J=compiled Java code, j=interpreted, Vv=VM code, C=native code)


---------------  P R O C E S S  ---------------

Java Threads: ( => current thread )

Other Threads:

=>0x0000000002110800 (exited) JavaThread "Unknown thread" [_thread_in_vm, id=9256, stack(0x0000000001fb0000,0x00000000020b0000)]

VM state:not at safepoint (normal execution)

VM Mutex/Monitor currently owned by a thread: None

Heap:
 PSYoungGen      total 18944K, used 327K [0x00000000eab00000, 0x00000000ec000000, 0x0000000100000000)
  eden space 16384K, 2% used [0x00000000eab00000,0x00000000eab51ec8,0x00000000ebb00000)
  from space 2560K, 0% used [0x00000000ebd80000,0x00000000ebd80000,0x00000000ec000000)
  to   space 2560K, 0% used [0x00000000ebb00000,0x00000000ebb00000,0x00000000ebd80000)
 ParOldGen       total 44032K, used 0K [0x00000000c0000000, 0x00000000c2b00000, 0x00000000eab00000)
  object space 44032K, 0% used [0x00000000c0000000,0x00000000c0000000,0x00000000c2b00000)
 Metaspace       used 770K, capacity 4480K, committed 4480K, reserved 1056768K
  class space    used 75K, capacity 384K, committed 384K, reserved 1048576K

Card table byte_map: [0x00000000115d0000,0x00000000117e0000] byte_map_base: 0x0000000010fd0000

Marking Bits: (ParMarkBitMap*) 0x00000000522ed850
 Begin Bits: [0x0000000011d40000, 0x0000000012d40000)
 End Bits:   [0x0000000012d40000, 0x0000000013d40000)

Polling page: 0x0000000001e40000

CodeCache: size=245760Kb used=328Kb max_used=328Kb free=245431Kb
 bounds [0x0000000002210000, 0x0000000002480000, 0x0000000011210000]
 total_blobs=58 nmethods=0 adapters=38
 compilation: enabled

Compilation events (0 events):
No events

GC Heap History (0 events):
No events

Deoptimization events (0 events):
No events

Internal exceptions (0 events):
No events

Events (10 events):
Event: 0.110 loading class java/lang/Short
Event: 0.110 loading class java/lang/Short done
Event: 0.110 loading class java/lang/Integer
Event: 0.110 loading class java/lang/Integer done
Event: 0.110 loading class java/lang/Long
Event: 0.111 loading class java/lang/Long done
Event: 0.112 loading class java/lang/NullPointerException
Event: 0.112 loading class java/lang/NullPointerException done
Event: 0.112 loading class java/lang/ArithmeticException
Event: 0.112 loading class java/lang/ArithmeticException done


Dynamic libraries:
0x00007ff704770000 - 0x00007ff7047a7000 	D:\Java\jdk1.8.0_144\bin\java.exe
0x00007ff93ab70000 - 0x00007ff93ad31000 	C:\WINDOWS\SYSTEM32\ntdll.dll
0x00007ff93a350000 - 0x00007ff93a3fd000 	C:\WINDOWS\system32\KERNEL32.DLL
0x00007ff937a80000 - 0x00007ff937c68000 	C:\WINDOWS\system32\KERNELBASE.dll
0x00007ff93a820000 - 0x00007ff93a8c7000 	C:\WINDOWS\system32\ADVAPI32.dll
0x00007ff9388c0000 - 0x00007ff93895d000 	C:\WINDOWS\system32\msvcrt.dll
0x00007ff938020000 - 0x00007ff93807b000 	C:\WINDOWS\system32\sechost.dll
0x00007ff938330000 - 0x00007ff93844c000 	C:\WINDOWS\system32\RPCRT4.dll
0x00007ff93a400000 - 0x00007ff93a556000 	C:\WINDOWS\system32\USER32.dll
0x00007ff938550000 - 0x00007ff9386d6000 	C:\WINDOWS\system32\GDI32.dll
0x00007ff92a770000 - 0x00007ff92a9e4000 	C:\WINDOWS\WinSxS\amd64_microsoft.windows.common-controls_6595b64144ccf1df_6.0.10586.0_none_8c15ae12515e1c22\COMCTL32.dll
0x00007ff93a8e0000 - 0x00007ff93ab5d000 	C:\WINDOWS\system32\combase.dll
0x00007ff937370000 - 0x00007ff9373da000 	C:\WINDOWS\system32\bcryptPrimitives.dll
0x00007ff93a780000 - 0x00007ff93a7bb000 	C:\WINDOWS\system32\IMM32.DLL
0x0000000052370000 - 0x0000000052442000 	D:\Java\jdk1.8.0_144\jre\bin\msvcr100.dll
0x0000000051ad0000 - 0x000000005236d000 	D:\Java\jdk1.8.0_144\jre\bin\server\jvm.dll
0x00007ff93a8d0000 - 0x00007ff93a8d8000 	C:\WINDOWS\system32\PSAPI.DLL
0x00007ff9337c0000 - 0x00007ff9337c9000 	C:\WINDOWS\SYSTEM32\WSOCK32.dll
0x00007ff93a560000 - 0x00007ff93a5cb000 	C:\WINDOWS\system32\WS2_32.dll
0x00007ff9353e0000 - 0x00007ff935403000 	C:\WINDOWS\SYSTEM32\WINMM.dll
0x00007ff92d940000 - 0x00007ff92d94a000 	C:\WINDOWS\SYSTEM32\VERSION.dll
0x00007ff9353b0000 - 0x00007ff9353dc000 	C:\WINDOWS\SYSTEM32\WINMMBASE.dll
0x00007ff9373e0000 - 0x00007ff937423000 	C:\WINDOWS\system32\cfgmgr32.dll
0x0000000051ac0000 - 0x0000000051acf000 	D:\Java\jdk1.8.0_144\jre\bin\verify.dll
0x0000000051a90000 - 0x0000000051ab9000 	D:\Java\jdk1.8.0_144\jre\bin\java.dll
0x0000000051a70000 - 0x0000000051a86000 	D:\Java\jdk1.8.0_144\jre\bin\zip.dll

VM Arguments:
jvm_args: -Djava.awt.headless=true -Xmx1024M -Dfile.encoding=windows-1252 -Duser.country=AU -Duser.language=en -Duser.variant 
java_command: com.android.dx.command.Main --dex --num-threads=4 --output E:\React Native\firebaseProject_0\android\app\build\intermediates\pre-dexed\debug\com.facebook.fresco-imagepipeline-okhttp3-1.0.1_adf1c467d487304380089e7261de18dd2765893e.jar E:\React Native\firebaseProject_0\android\app\build\intermediates\exploded-aar\com.facebook.fresco\imagepipeline-okhttp3\1.0.1\jars\classes.jar
java_class_path (initial): D:\Program Files (x86)\Android\android-sdk\build-tools\23.0.1\lib\dx.jar
Launcher Type: SUN_STANDARD

Environment Variables:
JAVA_HOME=D:\Java\jdk1.8.0_144
CLASSPATH=E:\React Native\firebaseProject_0\android\\gradle\wrapper\gradle-wrapper.jar
PATH=C:\ProgramData\Oracle\Java\javapath;C:\Program Files (x86)\Intel\iCLS Client\;C:\Program Files\Intel\iCLS Client\;C:\WINDOWS\system32;C:\WINDOWS;C:\WINDOWS\System32\Wbem;C:\WINDOWS\System32\WindowsPowerShell\v1.0\;C:\Program Files (x86)\Intel\Intel(R) Management Engine Components\DAL;C:\Program Files\Intel\Intel(R) Management Engine Components\DAL;C:\Program Files (x86)\Intel\Intel(R) Management Engine Components\IPT;C:\Program Files\Intel\Intel(R) Management Engine Components\IPT;D:\Program Files\nodejs\;d:\Program Files\Git\cmd;C:\Program Files (x86)\Skype\Phone\;C:\Users\MUBASHIR\AppData\Roaming\npm;d:\Program Files (x86)\Microsoft VS Code\bin;D:\Program Files (x86)\Android\android-sdk\platform-tools
USERNAME=MUBASHIR
OS=Windows_NT
PROCESSOR_IDENTIFIER=Intel64 Family 6 Model 61 Stepping 4, GenuineIntel



---------------  S Y S T E M  ---------------

OS: Windows 10.0 , 64 bit Build 10586 (10.0.10586.0)

CPU:total 4 (initial active 4) (2 cores per cpu, 2 threads per core) family 6 model 61 stepping 4, cmov, cx8, fxsr, mmx, sse, sse2, sse3, ssse3, sse4.1, sse4.2, popcnt, avx, avx2, aes, clmul, erms, 3dnowpref, lzcnt, ht, tsc, tscinvbit, bmi1, bmi2, adx

Memory: 4k page, physical 4107980k(329680k free), swap 8203980k(5660k free)

vm_info: Java HotSpot(TM) 64-Bit Server VM (25.144-b01) for windows-amd64 JRE (1.8.0_144-b01), built on Jul 21 2017 21:57:33 by "java_re" with MS VC++ 10.0 (VS2010)

time: Sat Sep 16 14:58:15 2017
elapsed time: 0 seconds (0d 0h 0m 0s)

